<?xml version="1.0" encoding="UTF-8"?>
<testng-results skipped="0" failed="0" ignored="0" total="3" passed="3">
  <reporter-output>
  </reporter-output>
  <suite name="Default suite" duration-ms="13289" started-at="2019-05-06T10:27:02Z" finished-at="2019-05-06T10:27:16Z">
    <groups>
    </groups>
    <test name="Default test" duration-ms="13289" started-at="2019-05-06T10:27:02Z" finished-at="2019-05-06T10:27:16Z">
      <class name="StepDefinition.Refactoring">
        <test-method status="PASS" signature="launchBrowser()[pri:0, instance:StepDefinition.Refactoring@1786f9d5]" name="launchBrowser" is-config="true" duration-ms="2876" started-at="2019-05-06T10:27:02Z" finished-at="2019-05-06T10:27:05Z">
          <reporter-output>
          </reporter-output>
        </test-method> <!-- launchBrowser -->
        <test-method status="PASS" signature="verifyHomepageTitle()[pri:1, instance:StepDefinition.Refactoring@1786f9d5]" name="verifyHomepageTitle" duration-ms="18" started-at="2019-05-06T10:27:05Z" finished-at="2019-05-06T10:27:05Z">
          <reporter-output>
          </reporter-output>
        </test-method> <!-- verifyHomepageTitle -->
        <test-method status="PASS" signature="user_enters_vehicle_number_and_clicks_find_vehicle_button()[pri:2, instance:StepDefinition.Refactoring@1786f9d5]" name="user_enters_vehicle_number_and_clicks_find_vehicle_button" duration-ms="5212" started-at="2019-05-06T10:27:05Z" finished-at="2019-05-06T10:27:11Z">
          <reporter-output>
          </reporter-output>
        </test-method> <!-- user_enters_vehicle_number_and_clicks_find_vehicle_button -->
        <test-method status="PASS" signature="vehicle_insurance_start_and_end_date_displayed()[pri:3, instance:StepDefinition.Refactoring@1786f9d5]" name="vehicle_insurance_start_and_end_date_displayed" duration-ms="5036" started-at="2019-05-06T10:27:11Z" finished-at="2019-05-06T10:27:16Z">
          <reporter-output>
          </reporter-output>
        </test-method> <!-- vehicle_insurance_start_and_end_date_displayed -->
        <test-method status="PASS" signature="terminateBrowser()[pri:0, instance:StepDefinition.Refactoring@1786f9d5]" name="terminateBrowser" is-config="true" duration-ms="109" started-at="2019-05-06T10:27:16Z" finished-at="2019-05-06T10:27:16Z">
          <reporter-output>
          </reporter-output>
        </test-method> <!-- terminateBrowser -->
      </class> <!-- StepDefinition.Refactoring -->
    </test> <!-- Default test -->
  </suite> <!-- Default suite -->
</testng-results>
