<?xml version="1.0" encoding="UTF-8"?>
<!-- Generated by org.testng.reporters.JUnitXMLReporter -->
<testsuite hostname="Bhavanis-MacBook-Pro.local" ignored="0" name="Default test" tests="3" failures="0" timestamp="06 May 2019 10:27:16 GMT" time="13.289" errors="0">
  <testcase name="verifyHomepageTitle" time="0.018" classname="StepDefinition.Refactoring"/>
  <testcase name="user_enters_vehicle_number_and_clicks_find_vehicle_button" time="5.212" classname="StepDefinition.Refactoring"/>
  <testcase name="vehicle_insurance_start_and_end_date_displayed" time="5.036" classname="StepDefinition.Refactoring"/>
</testsuite> <!-- Default test -->
